<?xml version="1.0" encoding="UTF-8"?>
<!-- Generated by org.testng.reporters.JUnitXMLReporter -->
<testsuite ignored="0" hostname="INBMWN153306" failures="1" tests="2" name="Test" time="47.62" errors="0" timestamp="2024-05-31T12:44:12 IST">
  <testcase classname="testCases.TC_001_AccontRegistrationTest" name="Verify_Accout_Registration" time="3.56"/>
  <testcase classname="testCases.TC_002_LoginTest" name="verify_login" time="16.793">
    <failure type="java.lang.AssertionError" message="null">
      <![CDATA[java.lang.AssertionError: null
at testCases.TC_002_LoginTest.verify_login(TC_002_LoginTest.java:99)
at java.base/java.util.ArrayList.forEach(ArrayList.java:1511)
... Removed 31 stack frames]]>
    </failure>
  </testcase> <!-- verify_login -->
</testsuite> <!-- Test -->
