<?xml version="1.0" encoding="UTF-8"?>
<testng-results ignored="0" total="2" passed="2" failed="0" skipped="0">
  <reporter-output>
  </reporter-output>
  <suite started-at="2024-05-29T18:40:41 IST" name="Suite" finished-at="2024-05-29T18:40:59 IST" duration-ms="17629">
    <groups>
      <group name="regression">
        <method signature="TC_001_AccontRegistrationTest.Verify_Accout_Registration()[pri:0, instance:testCases.TC_001_AccontRegistrationTest@22b53226]" name="Verify_Accout_Registration" class="testCases.TC_001_AccontRegistrationTest"/>
      </group> <!-- regression -->
      <group name="sanity">
        <method signature="TC_002_LoginTest.verify_login()[pri:0, instance:testCases.TC_002_LoginTest@e077866]" name="verify_login" class="testCases.TC_002_LoginTest"/>
      </group> <!-- sanity -->
      <group name="master">
        <method signature="TC_001_AccontRegistrationTest.Verify_Accout_Registration()[pri:0, instance:testCases.TC_001_AccontRegistrationTest@22b53226]" name="Verify_Accout_Registration" class="testCases.TC_001_AccontRegistrationTest"/>
        <method signature="TC_002_LoginTest.verify_login()[pri:0, instance:testCases.TC_002_LoginTest@e077866]" name="verify_login" class="testCases.TC_002_LoginTest"/>
      </group> <!-- master -->
    </groups>
    <test started-at="2024-05-29T18:40:41 IST" name="Test" finished-at="2024-05-29T18:40:59 IST" duration-ms="17629">
      <class name="testCases.TC_002_LoginTest">
        <test-method is-config="true" signature="setUp(java.lang.String)[pri:0, instance:testCases.TC_002_LoginTest@e077866]" started-at="2024-05-29T18:40:51 IST" name="setUp" finished-at="2024-05-29T18:40:56 IST" duration-ms="5311" status="PASS">
          <params>
            <param index="0">
              <value>
                <![CDATA[chrome]]>
              </value>
            </param>
          </params>
          <reporter-output>
          </reporter-output>
        </test-method> <!-- setUp -->
        <test-method signature="verify_login()[pri:0, instance:testCases.TC_002_LoginTest@e077866]" started-at="2024-05-29T18:40:56 IST" name="verify_login" finished-at="2024-05-29T18:40:59 IST" duration-ms="2702" status="PASS">
          <reporter-output>
          </reporter-output>
        </test-method> <!-- verify_login -->
        <test-method is-config="true" signature="tearDown()[pri:0, instance:testCases.TC_002_LoginTest@e077866]" started-at="2024-05-29T18:40:59 IST" name="tearDown" finished-at="2024-05-29T18:40:59 IST" duration-ms="0" status="PASS">
          <reporter-output>
          </reporter-output>
        </test-method> <!-- tearDown -->
      </class> <!-- testCases.TC_002_LoginTest -->
      <class name="testCases.TC_001_AccontRegistrationTest">
        <test-method is-config="true" signature="setUp(java.lang.String)[pri:0, instance:testCases.TC_001_AccontRegistrationTest@22b53226]" started-at="2024-05-29T18:40:41 IST" name="setUp" finished-at="2024-05-29T18:40:47 IST" duration-ms="6143" status="PASS">
          <params>
            <param index="0">
              <value>
                <![CDATA[chrome]]>
              </value>
            </param>
          </params>
          <reporter-output>
          </reporter-output>
        </test-method> <!-- setUp -->
        <test-method signature="Verify_Accout_Registration()[pri:0, instance:testCases.TC_001_AccontRegistrationTest@22b53226]" started-at="2024-05-29T18:40:47 IST" name="Verify_Accout_Registration" finished-at="2024-05-29T18:40:51 IST" duration-ms="3369" status="PASS">
          <reporter-output>
          </reporter-output>
        </test-method> <!-- Verify_Accout_Registration -->
        <test-method is-config="true" signature="tearDown()[pri:0, instance:testCases.TC_001_AccontRegistrationTest@22b53226]" started-at="2024-05-29T18:40:51 IST" name="tearDown" finished-at="2024-05-29T18:40:51 IST" duration-ms="1" status="PASS">
          <reporter-output>
          </reporter-output>
        </test-method> <!-- tearDown -->
      </class> <!-- testCases.TC_001_AccontRegistrationTest -->
    </test> <!-- Test -->
  </suite> <!-- Suite -->
</testng-results>
